Arguments: 
  /Users/lz/.nvm/versions/node/v14.17.1/bin/node /usr/local/Cellar/yarn/1.22.4/libexec/bin/yarn.js add eventmitter3

PATH: 
  /Users/lz/.nvm/versions/node/v14.17.1/bin:/Users/lz/opt/anaconda3/bin:/usr/local/bin:/usr/bin:/bin:/usr/sbin:/sbin:/Users/lz/.nvm/versions/node/v14.17.1/bin:/Users/lz/opt/anaconda3/bin:/Users/lz/opt/anaconda3/condabin

Yarn version: 
  1.22.4

Node version: 
  14.17.1

Platform: 
  darwin x64

Trace: 
  Error: https://registry.npm.taobao.org/eventmitter3: Not found
      at Request.params.callback [as _callback] (/usr/local/Cellar/yarn/1.22.4/libexec/lib/cli.js:66987:18)
      at Request.self.callback (/usr/local/Cellar/yarn/1.22.4/libexec/lib/cli.js:140748:22)
      at Request.emit (events.js:375:28)
      at Request.<anonymous> (/usr/local/Cellar/yarn/1.22.4/libexec/lib/cli.js:141720:10)
      at Request.emit (events.js:375:28)
      at IncomingMessage.<anonymous> (/usr/local/Cellar/yarn/1.22.4/libexec/lib/cli.js:141642:12)
      at Object.onceWrapper (events.js:481:28)
      at IncomingMessage.emit (events.js:387:35)
      at endReadableNT (internal/streams/readable.js:1317:12)
      at processTicksAndRejections (internal/process/task_queues.js:82:21)

npm manifest: 
  {
    "name": "demo",
    "version": "1.0.0",
    "description": "",
    "main": "index.js",
    "scripts": {
      "test": "echo \"Error: no test specified\" && exit 1"
    },
    "keywords": [],
    "author": "",
    "license": "ISC",
    "types": "types/index.d.ts",
    "devDependencies": {
      "babel-plugin-transform-decorators-legacy": "^1.3.5",
      "babel-preset-env": "^1.7.0",
      "prettier": "^2.2.1",
      "typescript": "^4.0.2"
    },
    "dependencies": {
      "@babel/core": "^7.14.6",
      "babel": "^6.23.0",
      "express": "^4.17.1"
    },
    "repository": {
      "type": "git",
      "url": "git+https://github.com/mkolp11597753/JS-learn.git"
    }
  }

yarn manifest: 
  No manifest

Lockfile: 
  No lockfile
