{
  "0 debug pnpm:scope": {
    "selected": 1
  },
  "1 error pnpm": {
    "code": "ELIFECYCLE",
    "errno": "ENOENT",
    "syscall": "spawn",
    "file": "sh",
    "pkgid": "myapp@0.1.0",
    "stage": "serve",
    "script": "vue-cli-service serve",
    "pkgname": "myapp",
    "err": {
      "name": "pnpm",
      "message": "myapp@0.1.0 serve: `vue-cli-service serve`\nspawn ENOENT",
      "code": "ELIFECYCLE",
      "stack": "pnpm: myapp@0.1.0 serve: `vue-cli-service serve`\nspawn ENOENT\n    at ChildProcess.<anonymous> (/Users/lz/.nvm/versions/node/v14.17.1/pnpm-global/5/node_modules/.pnpm/registry.npmmirror.com+pnpm@6.32.2/node_modules/pnpm/dist/pnpm.cjs:92254:22)\n    at ChildProcess.emit (node:events:394:28)\n    at maybeClose (node:internal/child_process:1064:16)\n    at Process.ChildProcess._handle.onexit (node:internal/child_process:301:5)"
    }
  },
  "2 warn pnpm:global": " Local package.json exists, but node_modules missing, did you mean to install?"
}